[2024-04-18 13:24:24,136: INFO: main: >>>>>> stage Data Ingestion Code started <<<<<<]
[2024-04-18 13:24:24,136: INFO: common: yaml file: config\config.yaml loaded successfully]
[2024-04-18 13:24:24,136: INFO: common: yaml file: params.yaml loaded successfully]
[2024-04-18 13:24:24,136: INFO: common: created directory at: artifacts]
[2024-04-18 13:24:24,136: ERROR: main: 'ConfigurationManager' object has no attribute 'get_data_ingestion_config']
Traceback (most recent call last):
  File "C:\Users\Daro\OneDrive\Documents\Deep-Learning-Project\NLP-Text_summarization\main.py", line 10, in <module>
    data_ingestion.main()
  File "C:\Users\Daro\OneDrive\Documents\Deep-Learning-Project\NLP-Text_summarization\src\textSummarizer\pipeline\stage_01_data_ingestion.py", line 10, in main
    data_ingestion_config = config.get_data_ingestion_config()
AttributeError: 'ConfigurationManager' object has no attribute 'get_data_ingestion_config'
[2024-04-18 13:25:40,117: INFO: main: >>>>>> stage Data Ingestion Code started <<<<<<]
[2024-04-18 13:25:40,117: INFO: common: yaml file: config\config.yaml loaded successfully]
[2024-04-18 13:25:40,117: INFO: common: yaml file: params.yaml loaded successfully]
[2024-04-18 13:25:40,117: INFO: common: created directory at: artifacts]
[2024-04-18 13:25:40,117: ERROR: main: 'ConfigurationManager' object has no attribute 'get_data_ingestion_config']
Traceback (most recent call last):
  File "c:\Users\Daro\OneDrive\Documents\Deep-Learning-Project\NLP-Text_summarization\main.py", line 10, in <module>
    data_ingestion.main()
  File "C:\Users\Daro\OneDrive\Documents\Deep-Learning-Project\NLP-Text_summarization\src\textSummarizer\pipeline\stage_01_data_ingestion.py", line 10, in main
    data_ingestion_config = config.get_data_ingestion_config()
AttributeError: 'ConfigurationManager' object has no attribute 'get_data_ingestion_config'
[2024-04-18 13:26:44,187: INFO: main: >>>>>> stage Data Ingestion Code started <<<<<<]
[2024-04-18 13:26:44,187: INFO: common: yaml file: config\config.yaml loaded successfully]
[2024-04-18 13:26:44,187: INFO: common: yaml file: params.yaml loaded successfully]
[2024-04-18 13:26:44,187: INFO: common: created directory at: artifacts]
[2024-04-18 13:26:44,187: ERROR: main: 'ConfigurationManager' object has no attribute 'get_data_ingestion_config']
Traceback (most recent call last):
  File "c:\Users\Daro\OneDrive\Documents\Deep-Learning-Project\NLP-Text_summarization\main.py", line 10, in <module>
    data_ingestion.main()
  File "C:\Users\Daro\OneDrive\Documents\Deep-Learning-Project\NLP-Text_summarization\src\textSummarizer\pipeline\stage_01_data_ingestion.py", line 11, in main
    data_ingestion_config = config.get_data_ingestion_config()
AttributeError: 'ConfigurationManager' object has no attribute 'get_data_ingestion_config'
[2024-04-18 13:29:54,903: INFO: main: >>>>>> stage Data Ingestion Code started <<<<<<]
[2024-04-18 13:29:54,903: INFO: common: yaml file: config\config.yaml loaded successfully]
[2024-04-18 13:29:54,906: INFO: common: yaml file: params.yaml loaded successfully]
[2024-04-18 13:29:54,906: INFO: common: created directory at: artifacts]
[2024-04-18 13:29:54,906: ERROR: main: 'ConfigurationManager' object has no attribute 'get_data_ingestion_config']
Traceback (most recent call last):
  File "C:\Users\Daro\OneDrive\Documents\Deep-Learning-Project\NLP-Text_summarization\main.py", line 10, in <module>
    data_ingestion.main()
  File "C:\Users\Daro\OneDrive\Documents\Deep-Learning-Project\NLP-Text_summarization\src\textSummarizer\pipeline\stage_01_data_ingestion.py", line 11, in main
    data_ingestion_config = config.get_data_ingestion_config()
AttributeError: 'ConfigurationManager' object has no attribute 'get_data_ingestion_config'
[2024-04-18 13:31:59,914: INFO: main: >>>>>> stage Data Ingestion Code started <<<<<<]
[2024-04-18 13:31:59,921: INFO: common: yaml file: config\config.yaml loaded successfully]
[2024-04-18 13:31:59,921: INFO: common: yaml file: params.yaml loaded successfully]
[2024-04-18 13:31:59,921: INFO: common: created directory at: artifacts]
[2024-04-18 13:31:59,924: INFO: common: created directory at: artifacts/data_ingestion]
[2024-04-18 13:32:03,491: INFO: data_ingestion: artifacts/data_ingestion/data.zip download! with following info: 
Connection: close
Content-Length: 7903594
Cache-Control: max-age=300
Content-Security-Policy: default-src 'none'; style-src 'unsafe-inline'; sandbox
Content-Type: application/zip
ETag: "dbc016a060da18070593b83afff580c9b300f0b6ea4147a7988433e04df246ca"
Strict-Transport-Security: max-age=31536000
X-Content-Type-Options: nosniff
X-Frame-Options: deny
X-XSS-Protection: 1; mode=block
X-GitHub-Request-Id: CA64:D8BFE:49CE04:5BDC6F:6620ABCF
Accept-Ranges: bytes
Date: Thu, 18 Apr 2024 06:31:55 GMT
Via: 1.1 varnish
X-Served-By: cache-qpg1249-QPG
X-Cache: HIT
X-Cache-Hits: 0
X-Timer: S1713421915.300544,VS0,VE287
Vary: Authorization,Accept-Encoding,Origin
Access-Control-Allow-Origin: *
Cross-Origin-Resource-Policy: cross-origin
X-Fastly-Request-ID: 908dc6a65529e9c08e76d9e48f6f48a563e6eeb4
Expires: Thu, 18 Apr 2024 06:36:55 GMT
Source-Age: 0

]
[2024-04-18 13:32:03,638: INFO: main: >>>>>> stage Data Ingestion Code completed <<<<<<]
[2024-04-18 13:32:03,638: INFO: main: >>>>>> stage Data Validation stage started <<<<<<]
[2024-04-18 13:32:03,646: INFO: common: yaml file: config\config.yaml loaded successfully]
[2024-04-18 13:32:03,647: INFO: common: yaml file: params.yaml loaded successfully]
[2024-04-18 13:32:03,647: INFO: common: created directory at: artifacts]
[2024-04-18 13:32:03,647: INFO: common: created directory at: artifacts/data_validation]
[2024-04-18 13:32:03,651: INFO: main: >>>>>> stage Data Validation stage completed <<<<<<

x==========x]
